<?xml version="1.0" encoding="UTF-8"?>
<!-- Generated by org.testng.reporters.JUnitReportReporter -->
<testsuite skipped="0" hostname="LAPTOP-Q9ND3NEG" name="helloworld_sandeep.helloworld_sandeep.AppTest" tests="1" failures="0" timestamp="25 May 2020 13:10:27 GMT" time="0.002" errors="0">
  <testcase name="testApp" time="0.002" classname="helloworld_sandeep.helloworld_sandeep.AppTest"/>
</testsuite> <!-- helloworld_sandeep.helloworld_sandeep.AppTest -->
