<?xml version="1.0" encoding="UTF-8"?>
<!-- Generated by org.testng.reporters.JUnitReportReporter -->
<testsuite skipped="0" hostname="LAPTOP-Q9ND3NEG" name="helloworld_sandeep.helloworld_sandeep.TesthelloWorld" tests="1" failures="0" timestamp="25 May 2020 20:55:37 GMT" time="0.019" errors="0">
  <testcase name="testHelloWorld" time="0.019" classname="helloworld_sandeep.helloworld_sandeep.TesthelloWorld"/>
</testsuite> <!-- helloworld_sandeep.helloworld_sandeep.TesthelloWorld -->
